<?xml version="1.0" encoding="UTF-8"?>
<!-- Generated by org.testng.reporters.JUnitXMLReporter -->
<testsuite hostname="SmitaVimal-VAIO" ignored="0" name="Test" tests="6" failures="0" timestamp="2020-05-26T16:29:17 AEST" time="0.063" errors="0">
  <testcase name="IOSApps" time="0.005" classname="qaclickacademy.Mavenjava.AppiumTest"/>
  <testcase name="NativeAppAndroid" time="0.0" classname="qaclickacademy.Mavenjava.AppiumTest"/>
  <testcase name="BrowserAutomation" time="0.001" classname="qaclickacademy.Mavenjava.SeleniumTest"/>
  <testcase name="elementsUI" time="0.001" classname="qaclickacademy.Mavenjava.SeleniumTest"/>
  <testcase name="deleteTwitter" time="0.001" classname="qaclickacademy.Mavenjava.RESTAPTITest"/>
  <testcase name="postJira" time="0.001" classname="qaclickacademy.Mavenjava.RESTAPTITest"/>
</testsuite> <!-- Test -->
