<?xml version="1.0" encoding="UTF-8"?>
<testng-results skipped="0" failed="0" ignored="0" total="6" passed="6">
  <reporter-output>
  </reporter-output>
  <suite name="Suite" duration-ms="63" started-at="2020-05-26T16:29:16 AEST" finished-at="2020-05-26T16:29:17 AEST">
    <groups>
    </groups>
    <test name="Test" duration-ms="63" started-at="2020-05-26T16:29:16 AEST" finished-at="2020-05-26T16:29:17 AEST">
      <class name="qaclickacademy.Mavenjava.AppiumTest">
        <test-method status="PASS" signature="IOSApps()[pri:0, instance:qaclickacademy.Mavenjava.AppiumTest@6fc6f14e]" name="IOSApps" duration-ms="5" started-at="2020-05-26T16:29:17 AEST" finished-at="2020-05-26T16:29:17 AEST">
          <reporter-output>
          </reporter-output>
        </test-method> <!-- IOSApps -->
        <test-method status="PASS" signature="NativeAppAndroid()[pri:0, instance:qaclickacademy.Mavenjava.AppiumTest@6fc6f14e]" name="NativeAppAndroid" duration-ms="0" started-at="2020-05-26T16:29:17 AEST" finished-at="2020-05-26T16:29:17 AEST">
          <reporter-output>
          </reporter-output>
        </test-method> <!-- NativeAppAndroid -->
      </class> <!-- qaclickacademy.Mavenjava.AppiumTest -->
      <class name="qaclickacademy.Mavenjava.SeleniumTest">
        <test-method status="PASS" signature="BrowserAutomation()[pri:0, instance:qaclickacademy.Mavenjava.SeleniumTest@56235b8e]" name="BrowserAutomation" duration-ms="1" started-at="2020-05-26T16:29:17 AEST" finished-at="2020-05-26T16:29:17 AEST">
          <reporter-output>
          </reporter-output>
        </test-method> <!-- BrowserAutomation -->
        <test-method status="PASS" signature="elementsUI()[pri:0, instance:qaclickacademy.Mavenjava.SeleniumTest@56235b8e]" name="elementsUI" duration-ms="1" started-at="2020-05-26T16:29:17 AEST" finished-at="2020-05-26T16:29:17 AEST">
          <reporter-output>
          </reporter-output>
        </test-method> <!-- elementsUI -->
      </class> <!-- qaclickacademy.Mavenjava.SeleniumTest -->
      <class name="qaclickacademy.Mavenjava.RESTAPTITest">
        <test-method status="PASS" signature="deleteTwitter()[pri:0, instance:qaclickacademy.Mavenjava.RESTAPTITest@3632be31]" name="deleteTwitter" duration-ms="1" started-at="2020-05-26T16:29:17 AEST" finished-at="2020-05-26T16:29:17 AEST">
          <reporter-output>
          </reporter-output>
        </test-method> <!-- deleteTwitter -->
        <test-method status="PASS" signature="postJira()[pri:0, instance:qaclickacademy.Mavenjava.RESTAPTITest@3632be31]" name="postJira" duration-ms="1" started-at="2020-05-26T16:29:17 AEST" finished-at="2020-05-26T16:29:17 AEST">
          <reporter-output>
          </reporter-output>
        </test-method> <!-- postJira -->
      </class> <!-- qaclickacademy.Mavenjava.RESTAPTITest -->
    </test> <!-- Test -->
  </suite> <!-- Suite -->
</testng-results>
